c:\users\yingjie\desktop\term7\gnv\a5\distrib\release\vc140.pdb
c:\users\yingjie\desktop\term7\gnv\a5\distrib\release\vector3f.obj
c:\users\yingjie\desktop\term7\gnv\a5\distrib\release\vector2f.obj
c:\users\yingjie\desktop\term7\gnv\a5\distrib\release\quat4f.obj
c:\users\yingjie\desktop\term7\gnv\a5\distrib\release\matrix4f.obj
c:\users\yingjie\desktop\term7\gnv\a5\distrib\release\matrix3f.obj
c:\users\yingjie\desktop\term7\gnv\a5\distrib\release\matrix2f.obj
c:\users\yingjie\desktop\term7\gnv\a5\distrib\release\triangle.obj
c:\users\yingjie\desktop\term7\gnv\a5\distrib\release\texture.obj
c:\users\yingjie\desktop\term7\gnv\a5\distrib\release\sphere.obj
c:\users\yingjie\desktop\term7\gnv\a5\distrib\release\sceneparser.obj
c:\users\yingjie\desktop\term7\gnv\a5\distrib\release\plane.obj
c:\users\yingjie\desktop\term7\gnv\a5\distrib\release\perlinnoise.obj
c:\users\yingjie\desktop\term7\gnv\a5\distrib\release\octree.obj
c:\users\yingjie\desktop\term7\gnv\a5\distrib\release\noise.obj
c:\users\yingjie\desktop\term7\gnv\a5\distrib\release\mesh.obj
c:\users\yingjie\desktop\term7\gnv\a5\distrib\release\material.obj
c:\users\yingjie\desktop\term7\gnv\a5\distrib\release\main.obj
c:\users\yingjie\desktop\term7\gnv\a5\distrib\release\image.obj
c:\users\yingjie\desktop\term7\gnv\a5\distrib\release\cubemap.obj
c:\users\yingjie\desktop\term7\gnv\a5\distrib\release\vector4f.obj
c:\users\yingjie\desktop\term7\gnv\a5\distrib\release\raytracer.obj
c:\users\yingjie\desktop\term7\gnv\a5\distrib\release\a4.exe
c:\users\yingjie\desktop\term7\gnv\a5\distrib\release\a4.pdb
c:\users\yingjie\desktop\term7\gnv\a5\distrib\release\a4.tlog\cl.command.1.tlog
c:\users\yingjie\desktop\term7\gnv\a5\distrib\release\a4.tlog\cl.read.1.tlog
c:\users\yingjie\desktop\term7\gnv\a5\distrib\release\a4.tlog\cl.write.1.tlog
c:\users\yingjie\desktop\term7\gnv\a5\distrib\release\a4.tlog\link.command.1.tlog
c:\users\yingjie\desktop\term7\gnv\a5\distrib\release\a4.tlog\link.read.1.tlog
c:\users\yingjie\desktop\term7\gnv\a5\distrib\release\a4.tlog\link.write.1.tlog
